  SceneManagement.cpp
D:\Git\Castlevania\Castlevania\Castlevania\Simon.h(136,15): warning C4244: '=': conversion from 'float' to 'int', possible loss of data
D:\Git\Castlevania\Castlevania\Castlevania\SceneManagement.cpp(338,32): warning C4244: '=': conversion from 'ULONGLONG' to 'DWORD', possible loss of data
D:\Git\Castlevania\Castlevania\Castlevania\SceneManagement.cpp(572,20): warning C4018: '<': signed/unsigned mismatch
D:\Git\Castlevania\Castlevania\Castlevania\SceneManagement.cpp(708,52): warning C4244: 'argument': conversion from 'unsigned int' to 'float', possible loss of data
D:\Git\Castlevania\Castlevania\Castlevania\SceneManagement.cpp(708,34): warning C4244: 'argument': conversion from 'int' to 'float', possible loss of data
D:\Git\Castlevania\Castlevania\Castlevania\SceneManagement.cpp(714,55): warning C4244: 'argument': conversion from 'unsigned int' to 'float', possible loss of data
D:\Git\Castlevania\Castlevania\Castlevania\SceneManagement.cpp(714,35): warning C4244: 'argument': conversion from 'unsigned int' to 'float', possible loss of data
D:\Git\Castlevania\Castlevania\Castlevania\SceneManagement.cpp(715,50): warning C4244: 'argument': conversion from 'int' to 'float', possible loss of data
D:\Git\Castlevania\Castlevania\Castlevania\SceneManagement.cpp(715,35): warning C4244: 'argument': conversion from 'int' to 'float', possible loss of data
D:\Git\Castlevania\Castlevania\Castlevania\SceneManagement.cpp(724,54): warning C4244: 'argument': conversion from 'unsigned int' to 'float', possible loss of data
D:\Git\Castlevania\Castlevania\Castlevania\SceneManagement.cpp(724,34): warning C4244: 'argument': conversion from 'unsigned int' to 'float', possible loss of data
D:\Git\Castlevania\Castlevania\Castlevania\SceneManagement.cpp(725,49): warning C4244: 'argument': conversion from 'int' to 'float', possible loss of data
D:\Git\Castlevania\Castlevania\Castlevania\SceneManagement.cpp(725,34): warning C4244: 'argument': conversion from 'int' to 'float', possible loss of data
D:\Git\Castlevania\Castlevania\Castlevania\SceneManagement.cpp(733,56): warning C4244: 'argument': conversion from 'unsigned int' to 'float', possible loss of data
D:\Git\Castlevania\Castlevania\Castlevania\SceneManagement.cpp(733,36): warning C4244: 'argument': conversion from 'unsigned int' to 'float', possible loss of data
D:\Git\Castlevania\Castlevania\Castlevania\SceneManagement.cpp(734,51): warning C4244: 'argument': conversion from 'int' to 'float', possible loss of data
D:\Git\Castlevania\Castlevania\Castlevania\SceneManagement.cpp(734,36): warning C4244: 'argument': conversion from 'int' to 'float', possible loss of data
D:\Git\Castlevania\Castlevania\Castlevania\SceneManagement.cpp(737,69): warning C4244: 'argument': conversion from 'unsigned int' to 'float', possible loss of data
D:\Git\Castlevania\Castlevania\Castlevania\SceneManagement.cpp(737,46): warning C4244: 'argument': conversion from 'int' to 'float', possible loss of data
D:\Git\Castlevania\Castlevania\Castlevania\SceneManagement.cpp(747,58): warning C4244: 'argument': conversion from 'unsigned int' to 'float', possible loss of data
D:\Git\Castlevania\Castlevania\Castlevania\SceneManagement.cpp(747,38): warning C4244: 'argument': conversion from 'unsigned int' to 'float', possible loss of data
D:\Git\Castlevania\Castlevania\Castlevania\SceneManagement.cpp(748,53): warning C4244: 'argument': conversion from 'int' to 'float', possible loss of data
D:\Git\Castlevania\Castlevania\Castlevania\SceneManagement.cpp(748,38): warning C4244: 'argument': conversion from 'int' to 'float', possible loss of data
D:\Git\Castlevania\Castlevania\Castlevania\SceneManagement.cpp(755,54): warning C4244: 'argument': conversion from 'unsigned int' to 'float', possible loss of data
D:\Git\Castlevania\Castlevania\Castlevania\SceneManagement.cpp(755,34): warning C4244: 'argument': conversion from 'unsigned int' to 'float', possible loss of data
D:\Git\Castlevania\Castlevania\Castlevania\SceneManagement.cpp(756,49): warning C4244: 'argument': conversion from 'int' to 'float', possible loss of data
D:\Git\Castlevania\Castlevania\Castlevania\SceneManagement.cpp(756,34): warning C4244: 'argument': conversion from 'int' to 'float', possible loss of data
D:\Git\Castlevania\Castlevania\Castlevania\SceneManagement.cpp(764,52): warning C4244: 'argument': conversion from 'unsigned int' to 'float', possible loss of data
D:\Git\Castlevania\Castlevania\Castlevania\SceneManagement.cpp(764,34): warning C4244: 'argument': conversion from 'int' to 'float', possible loss of data
D:\Git\Castlevania\Castlevania\Castlevania\SceneManagement.cpp(778,53): warning C4244: 'argument': conversion from 'unsigned int' to 'float', possible loss of data
D:\Git\Castlevania\Castlevania\Castlevania\SceneManagement.cpp(778,35): warning C4244: 'argument': conversion from 'int' to 'float', possible loss of data
D:\Git\Castlevania\Castlevania\Castlevania\SceneManagement.cpp(799,55): warning C4244: 'argument': conversion from 'unsigned int' to 'float', possible loss of data
D:\Git\Castlevania\Castlevania\Castlevania\SceneManagement.cpp(799,35): warning C4244: 'argument': conversion from 'unsigned int' to 'float', possible loss of data
D:\Git\Castlevania\Castlevania\Castlevania\SceneManagement.cpp(800,50): warning C4244: 'argument': conversion from 'int' to 'float', possible loss of data
D:\Git\Castlevania\Castlevania\Castlevania\SceneManagement.cpp(800,35): warning C4244: 'argument': conversion from 'int' to 'float', possible loss of data
D:\Git\Castlevania\Castlevania\Castlevania\SceneManagement.cpp(807,54): warning C4244: 'argument': conversion from 'unsigned int' to 'float', possible loss of data
D:\Git\Castlevania\Castlevania\Castlevania\SceneManagement.cpp(807,34): warning C4244: 'argument': conversion from 'unsigned int' to 'float', possible loss of data
D:\Git\Castlevania\Castlevania\Castlevania\SceneManagement.cpp(808,49): warning C4244: 'argument': conversion from 'int' to 'float', possible loss of data
D:\Git\Castlevania\Castlevania\Castlevania\SceneManagement.cpp(808,34): warning C4244: 'argument': conversion from 'int' to 'float', possible loss of data
D:\Git\Castlevania\Castlevania\Castlevania\SceneManagement.cpp(817,59): warning C4244: 'argument': conversion from 'unsigned int' to 'float', possible loss of data
D:\Git\Castlevania\Castlevania\Castlevania\SceneManagement.cpp(817,39): warning C4244: 'argument': conversion from 'unsigned int' to 'float', possible loss of data
D:\Git\Castlevania\Castlevania\Castlevania\SceneManagement.cpp(818,54): warning C4244: 'argument': conversion from 'int' to 'float', possible loss of data
D:\Git\Castlevania\Castlevania\Castlevania\SceneManagement.cpp(818,39): warning C4244: 'argument': conversion from 'int' to 'float', possible loss of data
D:\Git\Castlevania\Castlevania\Castlevania\SceneManagement.cpp(830,55): warning C4244: 'argument': conversion from 'unsigned int' to 'float', possible loss of data
D:\Git\Castlevania\Castlevania\Castlevania\SceneManagement.cpp(830,35): warning C4244: 'argument': conversion from 'unsigned int' to 'float', possible loss of data
D:\Git\Castlevania\Castlevania\Castlevania\SceneManagement.cpp(831,50): warning C4244: 'argument': conversion from 'int' to 'float', possible loss of data
D:\Git\Castlevania\Castlevania\Castlevania\SceneManagement.cpp(831,35): warning C4244: 'argument': conversion from 'int' to 'float', possible loss of data
D:\Git\Castlevania\Castlevania\Castlevania\SceneManagement.cpp(843,54): warning C4244: 'argument': conversion from 'unsigned int' to 'float', possible loss of data
D:\Git\Castlevania\Castlevania\Castlevania\SceneManagement.cpp(843,36): warning C4244: 'argument': conversion from 'int' to 'float', possible loss of data
D:\Git\Castlevania\Castlevania\Castlevania\SceneManagement.cpp(856,53): warning C4244: 'argument': conversion from 'unsigned int' to 'float', possible loss of data
D:\Git\Castlevania\Castlevania\Castlevania\SceneManagement.cpp(856,35): warning C4244: 'argument': conversion from 'int' to 'float', possible loss of data
D:\Git\Castlevania\Castlevania\Castlevania\SceneManagement.cpp(867,52): warning C4244: 'argument': conversion from 'unsigned int' to 'float', possible loss of data
D:\Git\Castlevania\Castlevania\Castlevania\SceneManagement.cpp(867,34): warning C4244: 'argument': conversion from 'int' to 'float', possible loss of data
D:\Git\Castlevania\Castlevania\Castlevania\SceneManagement.cpp(880,53): warning C4244: 'argument': conversion from 'unsigned int' to 'float', possible loss of data
D:\Git\Castlevania\Castlevania\Castlevania\SceneManagement.cpp(880,35): warning C4244: 'argument': conversion from 'int' to 'float', possible loss of data
D:\Git\Castlevania\Castlevania\Castlevania\SceneManagement.cpp(895,38): warning C4244: 'argument': conversion from 'int' to 'float', possible loss of data
D:\Git\Castlevania\Castlevania\Castlevania\SceneManagement.cpp(902,55): warning C4244: 'argument': conversion from 'unsigned int' to 'float', possible loss of data
D:\Git\Castlevania\Castlevania\Castlevania\SceneManagement.cpp(902,35): warning C4244: 'argument': conversion from 'unsigned int' to 'float', possible loss of data
D:\Git\Castlevania\Castlevania\Castlevania\SceneManagement.cpp(903,50): warning C4244: 'argument': conversion from 'int' to 'float', possible loss of data
D:\Git\Castlevania\Castlevania\Castlevania\SceneManagement.cpp(903,35): warning C4244: 'argument': conversion from 'int' to 'float', possible loss of data
D:\Git\Castlevania\Castlevania\Castlevania\SceneManagement.cpp(910,54): warning C4244: 'argument': conversion from 'unsigned int' to 'float', possible loss of data
D:\Git\Castlevania\Castlevania\Castlevania\SceneManagement.cpp(910,34): warning C4244: 'argument': conversion from 'unsigned int' to 'float', possible loss of data
D:\Git\Castlevania\Castlevania\Castlevania\SceneManagement.cpp(911,49): warning C4244: 'argument': conversion from 'int' to 'float', possible loss of data
D:\Git\Castlevania\Castlevania\Castlevania\SceneManagement.cpp(911,34): warning C4244: 'argument': conversion from 'int' to 'float', possible loss of data
D:\Git\Castlevania\Castlevania\Castlevania\SceneManagement.cpp(920,59): warning C4244: 'argument': conversion from 'unsigned int' to 'float', possible loss of data
D:\Git\Castlevania\Castlevania\Castlevania\SceneManagement.cpp(920,39): warning C4244: 'argument': conversion from 'unsigned int' to 'float', possible loss of data
D:\Git\Castlevania\Castlevania\Castlevania\SceneManagement.cpp(921,54): warning C4244: 'argument': conversion from 'int' to 'float', possible loss of data
D:\Git\Castlevania\Castlevania\Castlevania\SceneManagement.cpp(921,39): warning C4244: 'argument': conversion from 'int' to 'float', possible loss of data
D:\Git\Castlevania\Castlevania\Castlevania\SceneManagement.cpp(934,53): warning C4244: 'argument': conversion from 'unsigned int' to 'float', possible loss of data
D:\Git\Castlevania\Castlevania\Castlevania\SceneManagement.cpp(934,35): warning C4244: 'argument': conversion from 'int' to 'float', possible loss of data
D:\Git\Castlevania\Castlevania\Castlevania\SceneManagement.cpp(946,55): warning C4244: 'argument': conversion from 'unsigned int' to 'float', possible loss of data
D:\Git\Castlevania\Castlevania\Castlevania\SceneManagement.cpp(946,35): warning C4244: 'argument': conversion from 'unsigned int' to 'float', possible loss of data
D:\Git\Castlevania\Castlevania\Castlevania\SceneManagement.cpp(947,50): warning C4244: 'argument': conversion from 'int' to 'float', possible loss of data
D:\Git\Castlevania\Castlevania\Castlevania\SceneManagement.cpp(947,35): warning C4244: 'argument': conversion from 'int' to 'float', possible loss of data
D:\Git\Castlevania\Castlevania\Castlevania\SceneManagement.cpp(958,58): warning C4244: 'argument': conversion from 'unsigned int' to 'float', possible loss of data
D:\Git\Castlevania\Castlevania\Castlevania\SceneManagement.cpp(958,38): warning C4244: 'argument': conversion from 'unsigned int' to 'float', possible loss of data
D:\Git\Castlevania\Castlevania\Castlevania\SceneManagement.cpp(959,53): warning C4244: 'argument': conversion from 'int' to 'float', possible loss of data
D:\Git\Castlevania\Castlevania\Castlevania\SceneManagement.cpp(959,38): warning C4244: 'argument': conversion from 'int' to 'float', possible loss of data
D:\Git\Castlevania\Castlevania\Castlevania\SceneManagement.cpp(971,26): warning C4244: 'argument': conversion from 'int' to 'float', possible loss of data
D:\Git\Castlevania\Castlevania\Castlevania\SceneManagement.cpp(971,23): warning C4244: 'argument': conversion from 'int' to 'float', possible loss of data
D:\Git\Castlevania\Castlevania\Castlevania\SceneManagement.cpp(978,55): warning C4244: 'argument': conversion from 'unsigned int' to 'float', possible loss of data
D:\Git\Castlevania\Castlevania\Castlevania\SceneManagement.cpp(978,35): warning C4244: 'argument': conversion from 'unsigned int' to 'float', possible loss of data
D:\Git\Castlevania\Castlevania\Castlevania\SceneManagement.cpp(979,50): warning C4244: 'argument': conversion from 'int' to 'float', possible loss of data
D:\Git\Castlevania\Castlevania\Castlevania\SceneManagement.cpp(979,35): warning C4244: 'argument': conversion from 'int' to 'float', possible loss of data
D:\Git\Castlevania\Castlevania\Castlevania\SceneManagement.cpp(987,54): warning C4244: 'argument': conversion from 'unsigned int' to 'float', possible loss of data
D:\Git\Castlevania\Castlevania\Castlevania\SceneManagement.cpp(987,34): warning C4244: 'argument': conversion from 'unsigned int' to 'float', possible loss of data
D:\Git\Castlevania\Castlevania\Castlevania\SceneManagement.cpp(988,49): warning C4244: 'argument': conversion from 'int' to 'float', possible loss of data
D:\Git\Castlevania\Castlevania\Castlevania\SceneManagement.cpp(988,34): warning C4244: 'argument': conversion from 'int' to 'float', possible loss of data
D:\Git\Castlevania\Castlevania\Castlevania\SceneManagement.cpp(997,56): warning C4244: 'argument': conversion from 'unsigned int' to 'float', possible loss of data
D:\Git\Castlevania\Castlevania\Castlevania\SceneManagement.cpp(997,36): warning C4244: 'argument': conversion from 'unsigned int' to 'float', possible loss of data
D:\Git\Castlevania\Castlevania\Castlevania\SceneManagement.cpp(998,51): warning C4244: 'argument': conversion from 'int' to 'float', possible loss of data
D:\Git\Castlevania\Castlevania\Castlevania\SceneManagement.cpp(998,36): warning C4244: 'argument': conversion from 'int' to 'float', possible loss of data
D:\Git\Castlevania\Castlevania\Castlevania\SceneManagement.cpp(1001,69): warning C4244: 'argument': conversion from 'unsigned int' to 'float', possible loss of data
D:\Git\Castlevania\Castlevania\Castlevania\SceneManagement.cpp(1001,46): warning C4244: 'argument': conversion from 'int' to 'float', possible loss of data
D:\Git\Castlevania\Castlevania\Castlevania\SceneManagement.cpp(1011,54): warning C4244: 'argument': conversion from 'unsigned int' to 'float', possible loss of data
D:\Git\Castlevania\Castlevania\Castlevania\SceneManagement.cpp(1011,34): warning C4244: 'argument': conversion from 'unsigned int' to 'float', possible loss of data
D:\Git\Castlevania\Castlevania\Castlevania\SceneManagement.cpp(1012,49): warning C4244: 'argument': conversion from 'int' to 'float', possible loss of data
D:\Git\Castlevania\Castlevania\Castlevania\SceneManagement.cpp(1012,34): warning C4244: 'argument': conversion from 'int' to 'float', possible loss of data
D:\Git\Castlevania\Castlevania\Castlevania\SceneManagement.cpp(1019,58): warning C4244: 'argument': conversion from 'unsigned int' to 'float', possible loss of data
D:\Git\Castlevania\Castlevania\Castlevania\SceneManagement.cpp(1019,38): warning C4244: 'argument': conversion from 'unsigned int' to 'float', possible loss of data
D:\Git\Castlevania\Castlevania\Castlevania\SceneManagement.cpp(1020,53): warning C4244: 'argument': conversion from 'int' to 'float', possible loss of data
D:\Git\Castlevania\Castlevania\Castlevania\SceneManagement.cpp(1020,38): warning C4244: 'argument': conversion from 'int' to 'float', possible loss of data
D:\Git\Castlevania\Castlevania\Castlevania\SceneManagement.cpp(1028,54): warning C4244: 'argument': conversion from 'unsigned int' to 'float', possible loss of data
D:\Git\Castlevania\Castlevania\Castlevania\SceneManagement.cpp(1028,34): warning C4244: 'argument': conversion from 'unsigned int' to 'float', possible loss of data
D:\Git\Castlevania\Castlevania\Castlevania\SceneManagement.cpp(1029,49): warning C4244: 'argument': conversion from 'int' to 'float', possible loss of data
D:\Git\Castlevania\Castlevania\Castlevania\SceneManagement.cpp(1029,34): warning C4244: 'argument': conversion from 'int' to 'float', possible loss of data
D:\Git\Castlevania\Castlevania\Castlevania\SceneManagement.cpp(1038,52): warning C4244: 'argument': conversion from 'unsigned int' to 'float', possible loss of data
D:\Git\Castlevania\Castlevania\Castlevania\SceneManagement.cpp(1038,34): warning C4244: 'argument': conversion from 'int' to 'float', possible loss of data
D:\Git\Castlevania\Castlevania\Castlevania\SceneManagement.cpp(1047,58): warning C4244: 'argument': conversion from 'unsigned int' to 'float', possible loss of data
D:\Git\Castlevania\Castlevania\Castlevania\SceneManagement.cpp(1047,38): warning C4244: 'argument': conversion from 'unsigned int' to 'float', possible loss of data
D:\Git\Castlevania\Castlevania\Castlevania\SceneManagement.cpp(1048,53): warning C4244: 'argument': conversion from 'int' to 'float', possible loss of data
D:\Git\Castlevania\Castlevania\Castlevania\SceneManagement.cpp(1048,38): warning C4244: 'argument': conversion from 'int' to 'float', possible loss of data
D:\Git\Castlevania\Castlevania\Castlevania\SceneManagement.cpp(1062,53): warning C4244: 'argument': conversion from 'unsigned int' to 'float', possible loss of data
D:\Git\Castlevania\Castlevania\Castlevania\SceneManagement.cpp(1062,35): warning C4244: 'argument': conversion from 'int' to 'float', possible loss of data
D:\Git\Castlevania\Castlevania\Castlevania\SceneManagement.cpp(1080,38): warning C4244: 'argument': conversion from 'int' to 'float', possible loss of data
D:\Git\Castlevania\Castlevania\Castlevania\SceneManagement.cpp(1087,55): warning C4244: 'argument': conversion from 'unsigned int' to 'float', possible loss of data
D:\Git\Castlevania\Castlevania\Castlevania\SceneManagement.cpp(1087,35): warning C4244: 'argument': conversion from 'unsigned int' to 'float', possible loss of data
D:\Git\Castlevania\Castlevania\Castlevania\SceneManagement.cpp(1088,50): warning C4244: 'argument': conversion from 'int' to 'float', possible loss of data
D:\Git\Castlevania\Castlevania\Castlevania\SceneManagement.cpp(1088,35): warning C4244: 'argument': conversion from 'int' to 'float', possible loss of data
D:\Git\Castlevania\Castlevania\Castlevania\SceneManagement.cpp(1095,54): warning C4244: 'argument': conversion from 'unsigned int' to 'float', possible loss of data
D:\Git\Castlevania\Castlevania\Castlevania\SceneManagement.cpp(1095,34): warning C4244: 'argument': conversion from 'unsigned int' to 'float', possible loss of data
D:\Git\Castlevania\Castlevania\Castlevania\SceneManagement.cpp(1096,49): warning C4244: 'argument': conversion from 'int' to 'float', possible loss of data
D:\Git\Castlevania\Castlevania\Castlevania\SceneManagement.cpp(1096,34): warning C4244: 'argument': conversion from 'int' to 'float', possible loss of data
D:\Git\Castlevania\Castlevania\Castlevania\SceneManagement.cpp(1105,59): warning C4244: 'argument': conversion from 'unsigned int' to 'float', possible loss of data
D:\Git\Castlevania\Castlevania\Castlevania\SceneManagement.cpp(1105,39): warning C4244: 'argument': conversion from 'unsigned int' to 'float', possible loss of data
D:\Git\Castlevania\Castlevania\Castlevania\SceneManagement.cpp(1106,54): warning C4244: 'argument': conversion from 'int' to 'float', possible loss of data
D:\Git\Castlevania\Castlevania\Castlevania\SceneManagement.cpp(1106,39): warning C4244: 'argument': conversion from 'int' to 'float', possible loss of data
D:\Git\Castlevania\Castlevania\Castlevania\SceneManagement.cpp(1119,53): warning C4244: 'argument': conversion from 'unsigned int' to 'float', possible loss of data
D:\Git\Castlevania\Castlevania\Castlevania\SceneManagement.cpp(1119,35): warning C4244: 'argument': conversion from 'int' to 'float', possible loss of data
D:\Git\Castlevania\Castlevania\Castlevania\SceneManagement.cpp(1131,55): warning C4244: 'argument': conversion from 'unsigned int' to 'float', possible loss of data
D:\Git\Castlevania\Castlevania\Castlevania\SceneManagement.cpp(1131,35): warning C4244: 'argument': conversion from 'unsigned int' to 'float', possible loss of data
D:\Git\Castlevania\Castlevania\Castlevania\SceneManagement.cpp(1132,50): warning C4244: 'argument': conversion from 'int' to 'float', possible loss of data
D:\Git\Castlevania\Castlevania\Castlevania\SceneManagement.cpp(1132,35): warning C4244: 'argument': conversion from 'int' to 'float', possible loss of data
D:\Git\Castlevania\Castlevania\Castlevania\SceneManagement.cpp(1144,58): warning C4244: 'argument': conversion from 'unsigned int' to 'float', possible loss of data
D:\Git\Castlevania\Castlevania\Castlevania\SceneManagement.cpp(1144,38): warning C4244: 'argument': conversion from 'unsigned int' to 'float', possible loss of data
D:\Git\Castlevania\Castlevania\Castlevania\SceneManagement.cpp(1145,53): warning C4244: 'argument': conversion from 'int' to 'float', possible loss of data
D:\Git\Castlevania\Castlevania\Castlevania\SceneManagement.cpp(1145,38): warning C4244: 'argument': conversion from 'int' to 'float', possible loss of data
D:\Git\Castlevania\Castlevania\Castlevania\SceneManagement.cpp(1157,53): warning C4244: 'argument': conversion from 'unsigned int' to 'float', possible loss of data
D:\Git\Castlevania\Castlevania\Castlevania\SceneManagement.cpp(1157,35): warning C4244: 'argument': conversion from 'int' to 'float', possible loss of data
D:\Git\Castlevania\Castlevania\Castlevania\SceneManagement.cpp(1175,38): warning C4244: 'argument': conversion from 'int' to 'float', possible loss of data
D:\Git\Castlevania\Castlevania\Castlevania\SceneManagement.cpp(1182,55): warning C4244: 'argument': conversion from 'unsigned int' to 'float', possible loss of data
D:\Git\Castlevania\Castlevania\Castlevania\SceneManagement.cpp(1182,35): warning C4244: 'argument': conversion from 'unsigned int' to 'float', possible loss of data
D:\Git\Castlevania\Castlevania\Castlevania\SceneManagement.cpp(1183,50): warning C4244: 'argument': conversion from 'int' to 'float', possible loss of data
D:\Git\Castlevania\Castlevania\Castlevania\SceneManagement.cpp(1183,35): warning C4244: 'argument': conversion from 'int' to 'float', possible loss of data
D:\Git\Castlevania\Castlevania\Castlevania\SceneManagement.cpp(1190,54): warning C4244: 'argument': conversion from 'unsigned int' to 'float', possible loss of data
D:\Git\Castlevania\Castlevania\Castlevania\SceneManagement.cpp(1190,34): warning C4244: 'argument': conversion from 'unsigned int' to 'float', possible loss of data
D:\Git\Castlevania\Castlevania\Castlevania\SceneManagement.cpp(1191,49): warning C4244: 'argument': conversion from 'int' to 'float', possible loss of data
D:\Git\Castlevania\Castlevania\Castlevania\SceneManagement.cpp(1191,34): warning C4244: 'argument': conversion from 'int' to 'float', possible loss of data
D:\Git\Castlevania\Castlevania\Castlevania\SceneManagement.cpp(1200,59): warning C4244: 'argument': conversion from 'unsigned int' to 'float', possible loss of data
D:\Git\Castlevania\Castlevania\Castlevania\SceneManagement.cpp(1200,39): warning C4244: 'argument': conversion from 'unsigned int' to 'float', possible loss of data
D:\Git\Castlevania\Castlevania\Castlevania\SceneManagement.cpp(1201,54): warning C4244: 'argument': conversion from 'int' to 'float', possible loss of data
D:\Git\Castlevania\Castlevania\Castlevania\SceneManagement.cpp(1201,39): warning C4244: 'argument': conversion from 'int' to 'float', possible loss of data
D:\Git\Castlevania\Castlevania\Castlevania\SceneManagement.cpp(1214,53): warning C4244: 'argument': conversion from 'unsigned int' to 'float', possible loss of data
D:\Git\Castlevania\Castlevania\Castlevania\SceneManagement.cpp(1214,35): warning C4244: 'argument': conversion from 'int' to 'float', possible loss of data
D:\Git\Castlevania\Castlevania\Castlevania\SceneManagement.cpp(1226,55): warning C4244: 'argument': conversion from 'unsigned int' to 'float', possible loss of data
D:\Git\Castlevania\Castlevania\Castlevania\SceneManagement.cpp(1226,35): warning C4244: 'argument': conversion from 'unsigned int' to 'float', possible loss of data
D:\Git\Castlevania\Castlevania\Castlevania\SceneManagement.cpp(1227,50): warning C4244: 'argument': conversion from 'int' to 'float', possible loss of data
D:\Git\Castlevania\Castlevania\Castlevania\SceneManagement.cpp(1227,35): warning C4244: 'argument': conversion from 'int' to 'float', possible loss of data
D:\Git\Castlevania\Castlevania\Castlevania\SceneManagement.cpp(1238,58): warning C4244: 'argument': conversion from 'unsigned int' to 'float', possible loss of data
D:\Git\Castlevania\Castlevania\Castlevania\SceneManagement.cpp(1238,38): warning C4244: 'argument': conversion from 'unsigned int' to 'float', possible loss of data
D:\Git\Castlevania\Castlevania\Castlevania\SceneManagement.cpp(1239,53): warning C4244: 'argument': conversion from 'int' to 'float', possible loss of data
D:\Git\Castlevania\Castlevania\Castlevania\SceneManagement.cpp(1239,38): warning C4244: 'argument': conversion from 'int' to 'float', possible loss of data
D:\Git\Castlevania\Castlevania\Castlevania\SceneManagement.cpp(1249,52): warning C4244: 'argument': conversion from 'unsigned int' to 'float', possible loss of data
D:\Git\Castlevania\Castlevania\Castlevania\SceneManagement.cpp(1249,34): warning C4244: 'argument': conversion from 'int' to 'float', possible loss of data
D:\Git\Castlevania\Castlevania\Castlevania\SceneManagement.cpp(1264,53): warning C4244: 'argument': conversion from 'unsigned int' to 'float', possible loss of data
D:\Git\Castlevania\Castlevania\Castlevania\SceneManagement.cpp(1264,35): warning C4244: 'argument': conversion from 'int' to 'float', possible loss of data
D:\Git\Castlevania\Castlevania\Castlevania\SceneManagement.cpp(1281,38): warning C4244: 'argument': conversion from 'int' to 'float', possible loss of data
D:\Git\Castlevania\Castlevania\Castlevania\SceneManagement.cpp(1288,55): warning C4244: 'argument': conversion from 'unsigned int' to 'float', possible loss of data
D:\Git\Castlevania\Castlevania\Castlevania\SceneManagement.cpp(1288,35): warning C4244: 'argument': conversion from 'unsigned int' to 'float', possible loss of data
D:\Git\Castlevania\Castlevania\Castlevania\SceneManagement.cpp(1289,50): warning C4244: 'argument': conversion from 'int' to 'float', possible loss of data
D:\Git\Castlevania\Castlevania\Castlevania\SceneManagement.cpp(1289,35): warning C4244: 'argument': conversion from 'int' to 'float', possible loss of data
D:\Git\Castlevania\Castlevania\Castlevania\SceneManagement.cpp(1296,54): warning C4244: 'argument': conversion from 'unsigned int' to 'float', possible loss of data
D:\Git\Castlevania\Castlevania\Castlevania\SceneManagement.cpp(1296,34): warning C4244: 'argument': conversion from 'unsigned int' to 'float', possible loss of data
D:\Git\Castlevania\Castlevania\Castlevania\SceneManagement.cpp(1297,49): warning C4244: 'argument': conversion from 'int' to 'float', possible loss of data
D:\Git\Castlevania\Castlevania\Castlevania\SceneManagement.cpp(1297,34): warning C4244: 'argument': conversion from 'int' to 'float', possible loss of data
D:\Git\Castlevania\Castlevania\Castlevania\SceneManagement.cpp(1306,59): warning C4244: 'argument': conversion from 'unsigned int' to 'float', possible loss of data
D:\Git\Castlevania\Castlevania\Castlevania\SceneManagement.cpp(1306,39): warning C4244: 'argument': conversion from 'unsigned int' to 'float', possible loss of data
D:\Git\Castlevania\Castlevania\Castlevania\SceneManagement.cpp(1307,54): warning C4244: 'argument': conversion from 'int' to 'float', possible loss of data
D:\Git\Castlevania\Castlevania\Castlevania\SceneManagement.cpp(1307,39): warning C4244: 'argument': conversion from 'int' to 'float', possible loss of data
D:\Git\Castlevania\Castlevania\Castlevania\SceneManagement.cpp(1321,55): warning C4244: 'argument': conversion from 'unsigned int' to 'float', possible loss of data
D:\Git\Castlevania\Castlevania\Castlevania\SceneManagement.cpp(1321,35): warning C4244: 'argument': conversion from 'unsigned int' to 'float', possible loss of data
D:\Git\Castlevania\Castlevania\Castlevania\SceneManagement.cpp(1322,50): warning C4244: 'argument': conversion from 'int' to 'float', possible loss of data
D:\Git\Castlevania\Castlevania\Castlevania\SceneManagement.cpp(1322,35): warning C4244: 'argument': conversion from 'int' to 'float', possible loss of data
D:\Git\Castlevania\Castlevania\Castlevania\SceneManagement.cpp(1334,54): warning C4244: 'argument': conversion from 'unsigned int' to 'float', possible loss of data
D:\Git\Castlevania\Castlevania\Castlevania\SceneManagement.cpp(1334,36): warning C4244: 'argument': conversion from 'int' to 'float', possible loss of data
D:\Git\Castlevania\Castlevania\Castlevania\SceneManagement.cpp(1347,53): warning C4244: 'argument': conversion from 'unsigned int' to 'float', possible loss of data
D:\Git\Castlevania\Castlevania\Castlevania\SceneManagement.cpp(1347,35): warning C4244: 'argument': conversion from 'int' to 'float', possible loss of data
  Castlevania.vcxproj -> D:\Git\Castlevania\Castlevania\Debug\Castlevania.exe
