d:\git\castlevania\castlevania\castlevania\debug\vc141.pdb
d:\git\castlevania\castlevania\castlevania\debug\vc141.idb
d:\git\castlevania\castlevania\castlevania\debug\whip.obj
d:\git\castlevania\castlevania\castlevania\debug\tilesheet.obj
d:\git\castlevania\castlevania\castlevania\debug\tileobjects.obj
d:\git\castlevania\castlevania\castlevania\debug\tilemapreader.obj
d:\git\castlevania\castlevania\castlevania\debug\tile.obj
d:\git\castlevania\castlevania\castlevania\debug\textures.obj
d:\git\castlevania\castlevania\castlevania\debug\sprites.obj
d:\git\castlevania\castlevania\castlevania\debug\resourcemanagement.obj
d:\git\castlevania\castlevania\castlevania\debug\mario.obj
d:\git\castlevania\castlevania\castlevania\debug\main.obj
d:\git\castlevania\castlevania\castlevania\debug\inputcontroller.obj
d:\git\castlevania\castlevania\castlevania\debug\goomba.obj
d:\git\castlevania\castlevania\castlevania\debug\gameobject.obj
d:\git\castlevania\castlevania\castlevania\debug\game.obj
d:\git\castlevania\castlevania\castlevania\debug\define.obj
d:\git\castlevania\castlevania\castlevania\debug\debug.obj
d:\git\castlevania\castlevania\castlevania\debug\brick.obj
d:\git\castlevania\castlevania\castlevania\debug\simon.obj
d:\git\castlevania\castlevania\debug\castlevania.exe
d:\git\castlevania\castlevania\debug\castlevania.ilk
d:\git\castlevania\castlevania\debug\castlevania.pdb
d:\git\castlevania\castlevania\castlevania\debug\castlevania.tlog\cl.command.1.tlog
d:\git\castlevania\castlevania\castlevania\debug\castlevania.tlog\cl.read.1.tlog
d:\git\castlevania\castlevania\castlevania\debug\castlevania.tlog\cl.write.1.tlog
d:\git\castlevania\castlevania\castlevania\debug\castlevania.tlog\link.command.1.tlog
d:\git\castlevania\castlevania\castlevania\debug\castlevania.tlog\link.read.1.tlog
d:\git\castlevania\castlevania\castlevania\debug\castlevania.tlog\link.write.1.tlog
